\BOOKMARK [1][-]{section.1}{Introduction}{}% 1
\BOOKMARK [1][-]{section.2}{Implementation of Gaussian Process}{}% 2
\BOOKMARK [2][-]{subsection.2.1}{Preliminary}{section.2}% 3
\BOOKMARK [3][-]{subsubsection.2.1.1}{Kernel Function}{subsection.2.1}% 4
\BOOKMARK [3][-]{subsubsection.2.1.2}{Training Process}{subsection.2.1}% 5
\BOOKMARK [3][-]{subsubsection.2.1.3}{Testing Process}{subsection.2.1}% 6
\BOOKMARK [2][-]{subsection.2.2}{Methodology}{section.2}% 7
\BOOKMARK [3][-]{subsubsection.2.2.1}{Implementing with Tensorflow}{subsection.2.2}% 8
\BOOKMARK [3][-]{subsubsection.2.2.2}{Implementing with Adam Optimizer}{subsection.2.2}% 9
\BOOKMARK [2][-]{subsection.2.3}{Experiment}{section.2}% 10
\BOOKMARK [3][-]{subsubsection.2.3.1}{Results of Tensorflow}{subsection.2.3}% 11
\BOOKMARK [3][-]{subsubsection.2.3.2}{Results of Adam Optimizer}{subsection.2.3}% 12
\BOOKMARK [3][-]{subsubsection.2.3.3}{Comparison with Other Methods}{subsection.2.3}% 13
\BOOKMARK [1][-]{section.3}{Parallel Acceleration of Gaussian Process}{}% 14
\BOOKMARK [2][-]{subsection.3.1}{Methodology}{section.3}% 15
\BOOKMARK [3][-]{subsubsection.3.1.1}{Modified Conjugate Gradient}{subsection.3.1}% 16
\BOOKMARK [3][-]{subsubsection.3.1.2}{Pivoted Cholesky Decomposition}{subsection.3.1}% 17
\BOOKMARK [3][-]{subsubsection.3.1.3}{Stochastic Trace Estimation}{subsection.3.1}% 18
\BOOKMARK [3][-]{subsubsection.3.1.4}{Lanczos Tridiagonalization}{subsection.3.1}% 19
\BOOKMARK [3][-]{subsubsection.3.1.5}{Randomized Algorithm}{subsection.3.1}% 20
\BOOKMARK [2][-]{subsection.3.2}{Experiment}{section.3}% 21
\BOOKMARK [3][-]{subsubsection.3.2.1}{Results of Modified Conjugate Gradient}{subsection.3.2}% 22
\BOOKMARK [3][-]{subsubsection.3.2.2}{Results of Stochastic Trace Estimation}{subsection.3.2}% 23
\BOOKMARK [3][-]{subsubsection.3.2.3}{Results of Lanczos Tridiagonalization}{subsection.3.2}% 24
\BOOKMARK [3][-]{subsubsection.3.2.4}{Results of Randomized Algorithm}{subsection.3.2}% 25
\BOOKMARK [3][-]{subsubsection.3.2.5}{Performance Evaluation of Parallel Acceleration}{subsection.3.2}% 26
\BOOKMARK [1][-]{section.4}{Discussion}{}% 27
